<?xml version="1.0" encoding="UTF-8"?>
<!-- Generated by org.testng.reporters.JUnitReportReporter -->
<testsuite hostname="Lenovo-PC" name="com.galenframework.java.sample.tests.WelcomePageTest" tests="3" failures="0" timestamp="5 Apr 2018 06:18:09 GMT" time="32.081" errors="0">
  <testcase name="welcomePage_shouldLookGood_onDevice" time="11.191" classname="com.galenframework.java.sample.tests.WelcomePageTest"/>
  <testcase name="welcomePage_shouldLookGood_onDevice" time="10.804" classname="com.galenframework.java.sample.tests.WelcomePageTest"/>
  <testcase name="welcomePage_shouldLookGood_onDevice" time="10.086" classname="com.galenframework.java.sample.tests.WelcomePageTest"/>
</testsuite> <!-- com.galenframework.java.sample.tests.WelcomePageTest -->
